<?xml version="1.0" encoding="UTF-8"?>
<!-- Generated by org.testng.reporters.JUnitReportReporter -->
<testsuite hostname="DESKTOP-JCSH58D" failures="0" tests="1" name="day2.PathAndQuery" time="4.523" errors="0" timestamp="2024-08-11T12:06:09 IST" skipped="0">
  <testcase classname="day2.PathAndQuery" name="pathAndQueryParm" time="4.523"/>
</testsuite> <!-- day2.PathAndQuery -->
