<?xml version="1.0" encoding="UTF-8"?>
<!-- Generated by org.testng.reporters.JUnitReportReporter -->
<testsuite hostname="DESKTOP-JCSH58D" failures="0" tests="4" name="day1.HttpRequest" time="8.596" errors="0" timestamp="2024-08-10T13:05:45 IST" skipped="1">
  <testcase classname="day1.HttpRequest" name="postUser" time="7.237"/>
  <testcase classname="day1.HttpRequest" name="putUser" time="0.831"/>
  <testcase classname="day1.HttpRequest" name="deleteUser" time="0.528"/>
  <testcase classname="day1.HttpRequest" name="getUser">
    <skipped/>
  </testcase> <!-- getUser -->
</testsuite> <!-- day1.HttpRequest -->
