<?xml version="1.0" encoding="UTF-8"?>
<!-- Generated by org.testng.reporters.JUnitReportReporter -->
<testsuite hostname="DESKTOP-JCSH58D" failures="0" tests="1" name="day2.PostRequest" time="6.989" errors="0" timestamp="2024-08-11T11:52:16 IST" skipped="0">
  <testcase classname="day2.PostRequest" name="postJsonFile" time="6.989"/>
</testsuite> <!-- day2.PostRequest -->
