<?xml version="1.0" encoding="UTF-8"?>
<!-- Generated by org.testng.reporters.JUnitReportReporter -->
<testsuite hostname="DESKTOP-JCSH58D" failures="0" tests="1" name="day2.HeaderClass" time="5.263" errors="0" timestamp="2024-08-11T12:42:16 IST" skipped="0">
  <testcase classname="day2.HeaderClass" name="getHeaderInfo" time="5.263"/>
</testsuite> <!-- day2.HeaderClass -->
